DEPRECATION WARNING: config.action_view.debug_rjs will be removed in 3.1, from 3.1 onwards you will need to install prototype-rails to continue to use RJS templates . (called from service at D:/RailsInstaller/Ruby1.8.7/lib/ruby/1.8/webrick/httpserver.rb:104)


Started GET "/layouts/openinvo/css/all.css?t=1312375667" for 127.0.0.1 at Wed Aug 03 16:51:05 +0400 2011

ActionController::RoutingError (No route matches "/layouts/openinvo/css/all.css"):
  

Rendered D:/RailsInstaller/Ruby1.8.7/lib/ruby/gems/1.8/gems/actionpack-3.0.9/lib/action_dispatch/middleware/templates/rescues/routing_error.erb within rescues/layout (0.0ms)


Started GET "/assets/js/lib/jquery-1.4.2.min.js" for 127.0.0.1 at Wed Aug 03 16:51:11 +0400 2011

ActionController::RoutingError (No route matches "/assets/js/lib/jquery-1.4.2.min.js"):
  

Rendered D:/RailsInstaller/Ruby1.8.7/lib/ruby/gems/1.8/gems/actionpack-3.0.9/lib/action_dispatch/middleware/templates/rescues/routing_error.erb within rescues/layout (0.0ms)


Started GET "/assets/js/global_util.js?t=1312375667" for 127.0.0.1 at Wed Aug 03 16:51:11 +0400 2011

ActionController::RoutingError (No route matches "/assets/js/global_util.js"):
  

Rendered D:/RailsInstaller/Ruby1.8.7/lib/ruby/gems/1.8/gems/actionpack-3.0.9/lib/action_dispatch/middleware/templates/rescues/routing_error.erb within rescues/layout (0.0ms)


Started GET "/layouts/openinvo/js/jquery.main.js" for 127.0.0.1 at Wed Aug 03 16:51:11 +0400 2011

ActionController::RoutingError (No route matches "/layouts/openinvo/js/jquery.main.js"):
  

Rendered D:/RailsInstaller/Ruby1.8.7/lib/ruby/gems/1.8/gems/actionpack-3.0.9/lib/action_dispatch/middleware/templates/rescues/routing_error.erb within rescues/layout (0.0ms)


Started GET "/assets/js/lib/plugins/fancybox/jquery.mousewheel-3.0.2.pack.js" for 127.0.0.1 at Wed Aug 03 16:51:11 +0400 2011

ActionController::RoutingError (No route matches "/assets/js/lib/plugins/fancybox/jquery.mousewheel-3.0.2.pack.js"):
  

Rendered D:/RailsInstaller/Ruby1.8.7/lib/ruby/gems/1.8/gems/actionpack-3.0.9/lib/action_dispatch/middleware/templates/rescues/routing_error.erb within rescues/layout (0.0ms)


Started GET "/assets/js/lib/plugins/fancybox/jquery.fancybox-1.3.1.js" for 127.0.0.1 at Wed Aug 03 16:51:11 +0400 2011

ActionController::RoutingError (No route matches "/assets/js/lib/plugins/fancybox/jquery.fancybox-1.3.1.js"):
  

Rendered D:/RailsInstaller/Ruby1.8.7/lib/ruby/gems/1.8/gems/actionpack-3.0.9/lib/action_dispatch/middleware/templates/rescues/routing_error.erb within rescues/layout (0.0ms)


Started GET "/assets/js/lib/plugins/fancybox/jquery.fancybox-1.3.1.css" for 127.0.0.1 at Wed Aug 03 16:51:11 +0400 2011

ActionController::RoutingError (No route matches "/assets/js/lib/plugins/fancybox/jquery.fancybox-1.3.1.css"):
  

Rendered D:/RailsInstaller/Ruby1.8.7/lib/ruby/gems/1.8/gems/actionpack-3.0.9/lib/action_dispatch/middleware/templates/rescues/routing_error.erb within rescues/layout (0.0ms)


Started GET "/layouts/openinvo/images/seeking_idea.gif" for 127.0.0.1 at Wed Aug 03 16:51:11 +0400 2011

ActionController::RoutingError (No route matches "/layouts/openinvo/images/seeking_idea.gif"):
  

Rendered D:/RailsInstaller/Ruby1.8.7/lib/ruby/gems/1.8/gems/actionpack-3.0.9/lib/action_dispatch/middleware/templates/rescues/routing_error.erb within rescues/layout (15.6ms)


Started GET "/layouts/openinvo/images/innovate.gif" for 127.0.0.1 at Wed Aug 03 16:51:12 +0400 2011

ActionController::RoutingError (No route matches "/layouts/openinvo/images/innovate.gif"):
  

Rendered D:/RailsInstaller/Ruby1.8.7/lib/ruby/gems/1.8/gems/actionpack-3.0.9/lib/action_dispatch/middleware/templates/rescues/routing_error.erb within rescues/layout (15.6ms)


Started GET "/content/pub/media/images/icon-facebook-33x33.gif" for 127.0.0.1 at Wed Aug 03 16:51:12 +0400 2011

ActionController::RoutingError (No route matches "/content/pub/media/images/icon-facebook-33x33.gif"):
  

Rendered D:/RailsInstaller/Ruby1.8.7/lib/ruby/gems/1.8/gems/actionpack-3.0.9/lib/action_dispatch/middleware/templates/rescues/routing_error.erb within rescues/layout (0.0ms)


Started GET "/content/pub/media/images/icon-twitter-33x33.gif" for 127.0.0.1 at Wed Aug 03 16:51:12 +0400 2011

ActionController::RoutingError (No route matches "/content/pub/media/images/icon-twitter-33x33.gif"):
  

Rendered D:/RailsInstaller/Ruby1.8.7/lib/ruby/gems/1.8/gems/actionpack-3.0.9/lib/action_dispatch/middleware/templates/rescues/routing_error.erb within rescues/layout (0.0ms)


Started GET "/layouts/openinvo/images/have_idea.gif" for 127.0.0.1 at Wed Aug 03 16:51:12 +0400 2011

ActionController::RoutingError (No route matches "/layouts/openinvo/images/have_idea.gif"):
  

Rendered D:/RailsInstaller/Ruby1.8.7/lib/ruby/gems/1.8/gems/actionpack-3.0.9/lib/action_dispatch/middleware/templates/rescues/routing_error.erb within rescues/layout (0.0ms)


Started GET "/layouts/openinvo/images/ideate.gif" for 127.0.0.1 at Wed Aug 03 16:51:12 +0400 2011

ActionController::RoutingError (No route matches "/layouts/openinvo/images/ideate.gif"):
  

Rendered D:/RailsInstaller/Ruby1.8.7/lib/ruby/gems/1.8/gems/actionpack-3.0.9/lib/action_dispatch/middleware/templates/rescues/routing_error.erb within rescues/layout (0.0ms)


Started GET "/content/pub/media/images/introducing-oi-studio.gif" for 127.0.0.1 at Wed Aug 03 16:51:12 +0400 2011

ActionController::RoutingError (No route matches "/content/pub/media/images/introducing-oi-studio.gif"):
  

Rendered D:/RailsInstaller/Ruby1.8.7/lib/ruby/gems/1.8/gems/actionpack-3.0.9/lib/action_dispatch/middleware/templates/rescues/routing_error.erb within rescues/layout (0.0ms)


Started GET "/layouts/openinvo/images/our_partners.gif" for 127.0.0.1 at Wed Aug 03 16:51:12 +0400 2011

ActionController::RoutingError (No route matches "/layouts/openinvo/images/our_partners.gif"):
  

Rendered D:/RailsInstaller/Ruby1.8.7/lib/ruby/gems/1.8/gems/actionpack-3.0.9/lib/action_dispatch/middleware/templates/rescues/routing_error.erb within rescues/layout (15.6ms)


Started GET "/layouts/openinvo/images/partners/designists_logo.gif" for 127.0.0.1 at Wed Aug 03 16:51:12 +0400 2011

ActionController::RoutingError (No route matches "/layouts/openinvo/images/partners/designists_logo.gif"):
  

Rendered D:/RailsInstaller/Ruby1.8.7/lib/ruby/gems/1.8/gems/actionpack-3.0.9/lib/action_dispatch/middleware/templates/rescues/routing_error.erb within rescues/layout (0.0ms)


Started GET "/layouts/openinvo/images/partners/interaction_design_lab_logo.gif" for 127.0.0.1 at Wed Aug 03 16:51:12 +0400 2011

ActionController::RoutingError (No route matches "/layouts/openinvo/images/partners/interaction_design_lab_logo.gif"):
  

Rendered D:/RailsInstaller/Ruby1.8.7/lib/ruby/gems/1.8/gems/actionpack-3.0.9/lib/action_dispatch/middleware/templates/rescues/routing_error.erb within rescues/layout (0.0ms)


Started GET "/layouts/openinvo/images/partners/thesis-logo.png" for 127.0.0.1 at Wed Aug 03 16:51:12 +0400 2011

ActionController::RoutingError (No route matches "/layouts/openinvo/images/partners/thesis-logo.png"):
  

Rendered D:/RailsInstaller/Ruby1.8.7/lib/ruby/gems/1.8/gems/actionpack-3.0.9/lib/action_dispatch/middleware/templates/rescues/routing_error.erb within rescues/layout (0.0ms)


Started GET "/layouts/openinvo/images/partners/EGS_logo.gif" for 127.0.0.1 at Wed Aug 03 16:51:13 +0400 2011

ActionController::RoutingError (No route matches "/layouts/openinvo/images/partners/EGS_logo.gif"):
  

Rendered D:/RailsInstaller/Ruby1.8.7/lib/ruby/gems/1.8/gems/actionpack-3.0.9/lib/action_dispatch/middleware/templates/rescues/routing_error.erb within rescues/layout (0.0ms)


Started GET "/content/pub/media/images/artmorpheus_logo.jpg" for 127.0.0.1 at Wed Aug 03 16:51:13 +0400 2011

ActionController::RoutingError (No route matches "/content/pub/media/images/artmorpheus_logo.jpg"):
  

Rendered D:/RailsInstaller/Ruby1.8.7/lib/ruby/gems/1.8/gems/actionpack-3.0.9/lib/action_dispatch/middleware/templates/rescues/routing_error.erb within rescues/layout (0.0ms)


Started GET "/content/pub/media/images/logo75x75.jpg" for 127.0.0.1 at Wed Aug 03 16:51:13 +0400 2011

ActionController::RoutingError (No route matches "/content/pub/media/images/logo75x75.jpg"):
  

Rendered D:/RailsInstaller/Ruby1.8.7/lib/ruby/gems/1.8/gems/actionpack-3.0.9/lib/action_dispatch/middleware/templates/rescues/routing_error.erb within rescues/layout (0.0ms)


Started GET "/layouts/openinvo/css/print.css?t=1312375667" for 127.0.0.1 at Wed Aug 03 16:51:13 +0400 2011

ActionController::RoutingError (No route matches "/layouts/openinvo/css/print.css"):
  

Rendered D:/RailsInstaller/Ruby1.8.7/lib/ruby/gems/1.8/gems/actionpack-3.0.9/lib/action_dispatch/middleware/templates/rescues/routing_error.erb within rescues/layout (0.0ms)


Started GET "/user/register.php?type=seeker" for 127.0.0.1 at Wed Aug 03 16:51:43 +0400 2011

ActionController::RoutingError (No route matches "/user/register.php"):
  

Rendered D:/RailsInstaller/Ruby1.8.7/lib/ruby/gems/1.8/gems/actionpack-3.0.9/lib/action_dispatch/middleware/templates/rescues/routing_error.erb within rescues/layout (0.0ms)


Started GET "/user/register.php?type=provider" for 127.0.0.1 at Wed Aug 03 16:51:49 +0400 2011

ActionController::RoutingError (No route matches "/user/register.php"):
  

Rendered D:/RailsInstaller/Ruby1.8.7/lib/ruby/gems/1.8/gems/actionpack-3.0.9/lib/action_dispatch/middleware/templates/rescues/routing_error.erb within rescues/layout (0.0ms)
